2026-05-24 14:05:27 [restartedMain] INFO  in.pradip.Application                             .logStarting:54 - Starting Application using Java 24.0.1 with PID 12276 (F:\Pradip_Workspace\Pradip_JRTP_Workspace\02-User-Mgmt-App\target\classes started by Hello in F:\Pradip_Workspace\Pradip_JRTP_Workspace\02-User-Mgmt-App)
2026-05-24 14:05:27 [restartedMain] INFO  in.pradip.Application                             .logStartupProfileInfo:652 - No active profile set, falling back to 1 default profile: "default"
2026-05-24 14:05:27 [restartedMain] INFO  o.s.b.d.e.DevToolsPropertyDefaultsPostProcessor   .log:69 - Devtools property defaults active! Set 'spring.devtools.add-properties' to 'false' to disable
2026-05-24 14:05:27 [restartedMain] INFO  o.s.b.d.e.DevToolsPropertyDefaultsPostProcessor   .log:69 - For additional web related logging consider setting the 'logging.level.web' property to 'DEBUG'
2026-05-24 14:05:28 [background-preinit] INFO  o.h.validator.internal.util.Version               .<clinit>:18 - HV000001: Hibernate Validator 9.0.1.Final
2026-05-24 14:05:29 [restartedMain] INFO  o.s.d.r.c.RepositoryConfigurationDelegate         .registerRepositoriesIn:145 - Bootstrapping Spring Data JPA repositories in DEFAULT mode.
2026-05-24 14:05:29 [restartedMain] INFO  o.s.d.r.c.RepositoryConfigurationDelegate         .registerRepositoriesIn:213 - Finished Spring Data repository scanning in 68 ms. Found 4 JPA repository interfaces.
2026-05-24 14:05:30 [restartedMain] INFO  o.s.boot.tomcat.TomcatWebServer                   .initialize:114 - Tomcat initialized with port 8080 (http)
2026-05-24 14:05:30 [restartedMain] INFO  o.apache.coyote.http11.Http11NioProtocol          .log:168 - Initializing ProtocolHandler ["http-nio-8080"]
2026-05-24 14:05:30 [restartedMain] INFO  o.apache.catalina.core.StandardService            .log:168 - Starting service [Tomcat]
2026-05-24 14:05:30 [restartedMain] INFO  org.apache.catalina.core.StandardEngine           .log:168 - Starting Servlet engine: [Apache Tomcat/11.0.21]
2026-05-24 14:05:30 [restartedMain] INFO  o.s.b.w.c.s.WebApplicationContextInitializer      .prepareWebApplicationContext:77 - Root WebApplicationContext: initialization completed in 2609 ms
2026-05-24 14:05:30 [restartedMain] INFO  org.hibernate.orm.jpa                             .logPersistenceUnitInformation:102 - HHH008540: Processing PersistenceUnitInfo [name: default]
2026-05-24 14:05:30 [restartedMain] INFO  org.hibernate.orm.core                            .logVersion:41 - HHH000001: Hibernate ORM core version 7.2.12.Final
2026-05-24 14:05:31 [restartedMain] INFO  o.s.o.j.p.SpringPersistenceUnitInfo               .addTransformer:129 - No LoadTimeWeaver setup: ignoring JPA class transformer
2026-05-24 14:05:31 [restartedMain] INFO  com.zaxxer.hikari.HikariDataSource                .getConnection:109 - HikariPool-1 - Starting...
2026-05-24 14:05:32 [restartedMain] INFO  com.zaxxer.hikari.pool.HikariPool                 .checkFailFast:580 - HikariPool-1 - Added connection com.mysql.cj.jdbc.ConnectionImpl@2b5e2d72
2026-05-24 14:05:32 [restartedMain] INFO  com.zaxxer.hikari.HikariDataSource                .getConnection:122 - HikariPool-1 - Start completed.
2026-05-24 14:05:32 [restartedMain] INFO  org.hibernate.orm.connections.pooling             .logConnectionInfo:179 - HHH10001005: Database info:
	Database JDBC URL [jdbc:mysql://localhost:3306/jrtp]
	Database driver: MySQL Connector/J
	Database dialect: MySQLDialect
	Database version: 8.0.42
	Default catalog/schema: jrtp/undefined
	Autocommit mode: undefined/unknown
	Isolation level: REPEATABLE_READ [default REPEATABLE_READ]
	JDBC fetch size: none
	Pool: DataSourceConnectionProvider
	Minimum pool size: undefined/unknown
	Maximum pool size: undefined/unknown
2026-05-24 14:05:33 [restartedMain] INFO  org.hibernate.orm.core                            .initiateService:53 - HHH000489: No JTA platform available (set 'hibernate.transaction.jta.platform' to enable JTA platform integration)
2026-05-24 14:05:34 [restartedMain] INFO  o.s.o.j.LocalContainerEntityManagerFactoryBean    .buildNativeEntityManagerFactory:464 - Initialized JPA EntityManagerFactory for persistence unit 'default'
2026-05-24 14:05:34 [restartedMain] INFO  o.s.d.j.r.query.QueryEnhancerFactories            .<clinit>:48 - Hibernate is in classpath; If applicable, HQL parser will be used.
2026-05-24 14:05:34 [restartedMain] WARN  o.s.b.j.a.JpaBaseConfiguration$JpaWebConfiguration.openEntityManagerInViewInterceptor:247 - spring.jpa.open-in-view is enabled by default. Therefore, database queries may be performed during view rendering. Explicitly configure spring.jpa.open-in-view to disable this warning
2026-05-24 14:05:35 [restartedMain] INFO  o.apache.coyote.http11.Http11NioProtocol          .log:168 - Starting ProtocolHandler ["http-nio-8080"]
2026-05-24 14:05:35 [restartedMain] INFO  o.s.boot.tomcat.TomcatWebServer                   .start:240 - Tomcat started on port 8080 (http) with context path '/'
2026-05-24 14:05:35 [restartedMain] INFO  in.pradip.Application                             .logStarted:60 - Started Application in 8.336 seconds (process running for 9.83)
2026-05-24 14:06:08 [http-nio-8080-exec-1] INFO  o.a.c.c.C.[Tomcat].[localhost].[/]                .log:168 - Initializing Spring DispatcherServlet 'dispatcherServlet'
2026-05-24 14:06:08 [http-nio-8080-exec-1] INFO  o.s.web.servlet.DispatcherServlet                 .initServletBean:523 - Initializing Servlet 'dispatcherServlet'
2026-05-24 14:06:08 [http-nio-8080-exec-1] INFO  o.s.web.servlet.DispatcherServlet                 .initServletBean:545 - Completed initialization in 2 ms
2026-05-24 14:06:11 [http-nio-8080-exec-2] INFO  in.pradip.rest.MsgRestController                  .getWelcomeMsg:15 - getWelcomeMsg() - started
2026-05-24 14:06:11 [http-nio-8080-exec-2] WARN  in.pradip.rest.MsgRestController                  .getWelcomeMsg:16 - getWelcomeMsg() - executing
2026-05-24 14:06:11 [http-nio-8080-exec-2] WARN  in.pradip.rest.MsgRestController                  .getWelcomeMsg:18 - getWelcomeMsg() - completed
2026-05-24 14:33:28 [HikariPool-1:housekeeper] WARN  com.zaxxer.hikari.pool.HikariPool                 .run:825 - HikariPool-1 - Thread starvation or clock leap detected (housekeeper delta=21m56s216ms902µs700ns).
2026-05-24 14:45:43 [HikariPool-1:housekeeper] WARN  com.zaxxer.hikari.pool.HikariPool                 .run:825 - HikariPool-1 - Thread starvation or clock leap detected (housekeeper delta=4m15s170ms996µs200ns).
2026-05-24 15:00:04 [SpringApplicationShutdownHook] INFO  o.s.boot.tomcat.GracefulShutdown                  .shutDownGracefully:54 - Commencing graceful shutdown. Waiting for active requests to complete
2026-05-24 15:00:04 [tomcat-shutdown] INFO  o.s.boot.tomcat.GracefulShutdown                  .doShutdown:76 - Graceful shutdown complete
2026-05-24 15:00:04 [SpringApplicationShutdownHook] INFO  o.s.o.j.LocalContainerEntityManagerFactoryBean    .destroy:693 - Closing JPA EntityManagerFactory for persistence unit 'default'
2026-05-24 15:00:04 [SpringApplicationShutdownHook] INFO  com.zaxxer.hikari.HikariDataSource                .close:349 - HikariPool-1 - Shutdown initiated...
2026-05-24 15:00:04 [SpringApplicationShutdownHook] INFO  com.zaxxer.hikari.HikariDataSource                .close:351 - HikariPool-1 - Shutdown completed.
