2026-05-24T12:31:56.515+05:30  INFO 688 --- [02-User-Mgmt-App] [restartedMain] in.pradip.Application                    : Starting Application using Java 24.0.1 with PID 688 (F:\Pradip_Workspace\Pradip_JRTP_Workspace\02-User-Mgmt-App\target\classes started by Hello in F:\Pradip_Workspace\Pradip_JRTP_Workspace\02-User-Mgmt-App)
2026-05-24T12:31:56.520+05:30  INFO 688 --- [02-User-Mgmt-App] [restartedMain] in.pradip.Application                    : No active profile set, falling back to 1 default profile: "default"
2026-05-24T12:31:56.587+05:30  INFO 688 --- [02-User-Mgmt-App] [restartedMain] .e.DevToolsPropertyDefaultsPostProcessor : Devtools property defaults active! Set 'spring.devtools.add-properties' to 'false' to disable
2026-05-24T12:31:56.589+05:30  INFO 688 --- [02-User-Mgmt-App] [restartedMain] .e.DevToolsPropertyDefaultsPostProcessor : For additional web related logging consider setting the 'logging.level.web' property to 'DEBUG'
2026-05-24T12:31:57.542+05:30  INFO 688 --- [02-User-Mgmt-App] [restartedMain] .s.d.r.c.RepositoryConfigurationDelegate : Bootstrapping Spring Data JPA repositories in DEFAULT mode.
2026-05-24T12:31:57.610+05:30  INFO 688 --- [02-User-Mgmt-App] [restartedMain] .s.d.r.c.RepositoryConfigurationDelegate : Finished Spring Data repository scanning in 59 ms. Found 4 JPA repository interfaces.
2026-05-24T12:31:58.389+05:30  INFO 688 --- [02-User-Mgmt-App] [restartedMain] o.s.boot.tomcat.TomcatWebServer          : Tomcat initialized with port 8080 (http)
2026-05-24T12:31:58.408+05:30  INFO 688 --- [02-User-Mgmt-App] [restartedMain] o.apache.catalina.core.StandardService   : Starting service [Tomcat]
2026-05-24T12:31:58.409+05:30  INFO 688 --- [02-User-Mgmt-App] [restartedMain] o.apache.catalina.core.StandardEngine    : Starting Servlet engine: [Apache Tomcat/11.0.21]
2026-05-24T12:31:58.517+05:30  INFO 688 --- [02-User-Mgmt-App] [restartedMain] b.w.c.s.WebApplicationContextInitializer : Root WebApplicationContext: initialization completed in 1927 ms
2026-05-24T12:31:58.766+05:30  INFO 688 --- [02-User-Mgmt-App] [restartedMain] org.hibernate.orm.jpa                    : HHH008540: Processing PersistenceUnitInfo [name: default]
2026-05-24T12:31:58.832+05:30  INFO 688 --- [02-User-Mgmt-App] [restartedMain] org.hibernate.orm.core                   : HHH000001: Hibernate ORM core version 7.2.12.Final
2026-05-24T12:31:59.332+05:30  INFO 688 --- [02-User-Mgmt-App] [restartedMain] o.s.o.j.p.SpringPersistenceUnitInfo      : No LoadTimeWeaver setup: ignoring JPA class transformer
2026-05-24T12:31:59.363+05:30  INFO 688 --- [02-User-Mgmt-App] [restartedMain] com.zaxxer.hikari.HikariDataSource       : HikariPool-1 - Starting...
2026-05-24T12:31:59.793+05:30  INFO 688 --- [02-User-Mgmt-App] [restartedMain] com.zaxxer.hikari.pool.HikariPool        : HikariPool-1 - Added connection com.mysql.cj.jdbc.ConnectionImpl@2f271767
2026-05-24T12:31:59.795+05:30  INFO 688 --- [02-User-Mgmt-App] [restartedMain] com.zaxxer.hikari.HikariDataSource       : HikariPool-1 - Start completed.
2026-05-24T12:31:59.903+05:30  INFO 688 --- [02-User-Mgmt-App] [restartedMain] org.hibernate.orm.connections.pooling    : HHH10001005: Database info:
	Database JDBC URL [jdbc:mysql://localhost:3306/jrtp]
	Database driver: MySQL Connector/J
	Database dialect: MySQLDialect
	Database version: 8.0.42
	Default catalog/schema: jrtp/undefined
	Autocommit mode: undefined/unknown
	Isolation level: REPEATABLE_READ [default REPEATABLE_READ]
	JDBC fetch size: none
	Pool: DataSourceConnectionProvider
	Minimum pool size: undefined/unknown
	Maximum pool size: undefined/unknown
2026-05-24T12:32:00.862+05:30  INFO 688 --- [02-User-Mgmt-App] [restartedMain] org.hibernate.orm.core                   : HHH000489: No JTA platform available (set 'hibernate.transaction.jta.platform' to enable JTA platform integration)
2026-05-24T12:32:00.947+05:30  INFO 688 --- [02-User-Mgmt-App] [restartedMain] j.LocalContainerEntityManagerFactoryBean : Initialized JPA EntityManagerFactory for persistence unit 'default'
2026-05-24T12:32:01.026+05:30  INFO 688 --- [02-User-Mgmt-App] [restartedMain] o.s.d.j.r.query.QueryEnhancerFactories   : Hibernate is in classpath; If applicable, HQL parser will be used.
2026-05-24T12:32:01.367+05:30  WARN 688 --- [02-User-Mgmt-App] [restartedMain] JpaBaseConfiguration$JpaWebConfiguration : spring.jpa.open-in-view is enabled by default. Therefore, database queries may be performed during view rendering. Explicitly configure spring.jpa.open-in-view to disable this warning
2026-05-24T12:32:01.798+05:30  INFO 688 --- [02-User-Mgmt-App] [restartedMain] o.s.boot.tomcat.TomcatWebServer          : Tomcat started on port 8080 (http) with context path '/'
2026-05-24T12:32:01.804+05:30  INFO 688 --- [02-User-Mgmt-App] [restartedMain] in.pradip.Application                    : Started Application in 5.831 seconds (process running for 6.515)
2026-05-24T12:32:55.874+05:30  INFO 688 --- [02-User-Mgmt-App] [http-nio-8080-exec-1] o.a.c.c.C.[Tomcat].[localhost].[/]       : Initializing Spring DispatcherServlet 'dispatcherServlet'
2026-05-24T12:32:55.875+05:30  INFO 688 --- [02-User-Mgmt-App] [http-nio-8080-exec-1] o.s.web.servlet.DispatcherServlet        : Initializing Servlet 'dispatcherServlet'
2026-05-24T12:32:55.878+05:30  INFO 688 --- [02-User-Mgmt-App] [http-nio-8080-exec-1] o.s.web.servlet.DispatcherServlet        : Completed initialization in 3 ms
2026-05-24T12:32:55.952+05:30  INFO 688 --- [02-User-Mgmt-App] [http-nio-8080-exec-1] in.pradip.rest.MsgRestController         : getGreetMsg() - started
2026-05-24T12:32:55.954+05:30  WARN 688 --- [02-User-Mgmt-App] [http-nio-8080-exec-1] in.pradip.rest.MsgRestController         : getGreetMsg() - executing
2026-05-24T12:32:55.954+05:30  WARN 688 --- [02-User-Mgmt-App] [http-nio-8080-exec-1] in.pradip.rest.MsgRestController         : getGreetMsg() - completed
2026-05-24T12:33:13.881+05:30  INFO 688 --- [02-User-Mgmt-App] [SpringApplicationShutdownHook] o.s.boot.tomcat.GracefulShutdown         : Commencing graceful shutdown. Waiting for active requests to complete
2026-05-24T12:33:13.889+05:30  INFO 688 --- [02-User-Mgmt-App] [tomcat-shutdown] o.s.boot.tomcat.GracefulShutdown         : Graceful shutdown complete
2026-05-24T12:33:13.896+05:30  INFO 688 --- [02-User-Mgmt-App] [SpringApplicationShutdownHook] j.LocalContainerEntityManagerFactoryBean : Closing JPA EntityManagerFactory for persistence unit 'default'
2026-05-24T12:33:13.902+05:30  INFO 688 --- [02-User-Mgmt-App] [SpringApplicationShutdownHook] com.zaxxer.hikari.HikariDataSource       : HikariPool-1 - Shutdown initiated...
2026-05-24T12:33:13.915+05:30  INFO 688 --- [02-User-Mgmt-App] [SpringApplicationShutdownHook] com.zaxxer.hikari.HikariDataSource       : HikariPool-1 - Shutdown completed.
